<?xml version="1.0" encoding="UTF-8"?>
<!-- Generated by org.testng.reporters.JUnitReportReporter -->
<testsuite skipped="0" hostname="DESKTOP-04AB5OG" name="Academy.HomePageTest" tests="2" failures="0" timestamp="03 Nov 2019 17:49:18 GMT" time="23.852" errors="0">
  <testcase name="basePageNavigation" time="16.171" classname="Academy.HomePageTest"/>
  <testcase name="basePageNavigation" time="7.681" classname="Academy.HomePageTest"/>
</testsuite> <!-- Academy.HomePageTest -->
