<?xml version="1.0" encoding="UTF-8"?>
<!-- Generated by org.testng.reporters.JUnitReportReporter -->
<testsuite skipped="0" hostname="DESKTOP-04AB5OG" name="Academy.HomePage" tests="2" failures="0" timestamp="29 Oct 2019 21:27:52 GMT" time="15.623" errors="0">
  <testcase name="basePageNavigation" time="4.371" classname="Academy.HomePage"/>
  <testcase name="basePageNavigation" time="11.252" classname="Academy.HomePage"/>
</testsuite> <!-- Academy.HomePage -->
