<?xml version="1.0" encoding="UTF-8"?>
<!-- Generated by org.testng.reporters.JUnitReportReporter -->
<testsuite skipped="0" hostname="DESKTOP-04AB5OG" name="Academy.validateNavigationBar" tests="1" failures="0" timestamp="03 Nov 2019 17:52:44 GMT" time="0.153" errors="0">
  <testcase name="basePageNavigation" time="0.153" classname="Academy.validateNavigationBar"/>
</testsuite> <!-- Academy.validateNavigationBar -->
