<?xml version="1.0" encoding="UTF-8"?>
<!-- Generated by org.testng.reporters.JUnitReportReporter -->
<testsuite skipped="0" hostname="DESKTOP-04AB5OG" name="Academy.validateNavigationBarTest" tests="1" failures="0" timestamp="03 Nov 2019 18:01:16 GMT" time="0.102" errors="0">
  <testcase name="basePageNavigation" time="0.102" classname="Academy.validateNavigationBarTest"/>
</testsuite> <!-- Academy.validateNavigationBarTest -->
