<?xml version="1.0" encoding="UTF-8"?>
<!-- Generated by org.testng.reporters.JUnitReportReporter -->
<testsuite skipped="0" hostname="DESKTOP-04AB5OG" name="Academy.HomePageTest" tests="2" failures="0" timestamp="03 Nov 2019 18:01:16 GMT" time="20.133" errors="0">
  <testcase name="basePageNavigation" time="7.975" classname="Academy.HomePageTest"/>
  <testcase name="basePageNavigation" time="12.158" classname="Academy.HomePageTest"/>
</testsuite> <!-- Academy.HomePageTest -->
